#
# There is insufficient memory for the Java Runtime Environment to continue.
# Native memory allocation (malloc) failed to allocate 1276032 bytes for Chunk::new
# Possible reasons:
#   The system is out of physical RAM or swap space
#   In 32 bit mode, the process size limit was hit
# Possible solutions:
#   Reduce memory load on the system
#   Increase physical memory or swap space
#   Check if swap backing store is full
#   Use 64 bit Java on a 64 bit OS
#   Decrease Java heap size (-Xmx/-Xms)
#   Decrease number of Java threads
#   Decrease Java thread stack sizes (-Xss)
#   Set larger code cache with -XX:ReservedCodeCacheSize=
# This output file may be truncated or incomplete.
#
#  Out of Memory Error (allocation.cpp:390), pid=184, tid=0x000000000000344c
#
# JRE version: OpenJDK Runtime Environment (8.0_152-b02) (build 1.8.0_152-release-1024-b02)
# Java VM: OpenJDK 64-Bit Server VM (25.152-b02 mixed mode windows-amd64 compressed oops)
# Failed to write core dump. Minidumps are not enabled by default on client versions of Windows
#

---------------  T H R E A D  ---------------

Current thread (0x00000000170b4800):  JavaThread "C2 CompilerThread1" daemon [_thread_in_native, id=13388, stack(0x0000000018900000,0x0000000018a00000)]

Stack: [0x0000000018900000,0x0000000018a00000]
[error occurred during error reporting (printing stack bounds), id 0xc0000005]

Native frames: (J=compiled Java code, j=interpreted, Vv=VM code, C=native code)


Current CompileTask:
C2:  23283 5486       4       sun.reflect.generics.parser.SignatureParser::parsePackageNameAndSimpleClassTypeSignature (139 bytes)


---------------  P R O C E S S  ---------------

Java Threads: ( => current thread )
  0x000000001b90f000 JavaThread "File lock request listener" [_thread_in_native, id=2548, stack(0x000000001b7a0000,0x000000001b8a0000)]
  0x0000000019d33800 JavaThread "Stdin handler" [_thread_blocked, id=7336, stack(0x000000001b4a0000,0x000000001b5a0000)]
  0x0000000019def000 JavaThread "Daemon worker" [_thread_in_native, id=12056, stack(0x000000001b3a0000,0x000000001b4a0000)]
  0x0000000019e08000 JavaThread "Cancel handler" [_thread_blocked, id=9532, stack(0x000000001b2a0000,0x000000001b3a0000)]
  0x0000000019d3f000 JavaThread "Handler for socket connection from /127.0.0.1:63010 to /127.0.0.1:63014" [_thread_in_native, id=9304, stack(0x000000001b1a0000,0x000000001b2a0000)]
  0x0000000019d3e000 JavaThread "Daemon" [_thread_blocked, id=10460, stack(0x000000001b0a0000,0x000000001b1a0000)]
  0x0000000019be2800 JavaThread "Incoming local TCP Connector on port 63010" [_thread_in_native, id=2572, stack(0x0000000019900000,0x0000000019a00000)]
  0x0000000018b25000 JavaThread "Service Thread" daemon [_thread_blocked, id=6956, stack(0x0000000018f00000,0x0000000019000000)]
  0x00000000170b7800 JavaThread "C1 CompilerThread2" daemon [_thread_blocked, id=5632, stack(0x0000000018a00000,0x0000000018b00000)]
=>0x00000000170b4800 JavaThread "C2 CompilerThread1" daemon [_thread_in_native, id=13388, stack(0x0000000018900000,0x0000000018a00000)]
  0x00000000170b0800 JavaThread "C2 CompilerThread0" daemon [_thread_in_native, id=9468, stack(0x0000000018800000,0x0000000018900000)]
  0x00000000170af000 JavaThread "Attach Listener" daemon [_thread_blocked, id=7504, stack(0x0000000018700000,0x0000000018800000)]
  0x00000000170ae000 JavaThread "Signal Dispatcher" daemon [_thread_blocked, id=10828, stack(0x0000000018600000,0x0000000018700000)]
  0x0000000017098800 JavaThread "Finalizer" daemon [_thread_blocked, id=12224, stack(0x0000000018300000,0x0000000018400000)]
  0x00000000049d4000 JavaThread "Reference Handler" daemon [_thread_blocked, id=12472, stack(0x0000000018200000,0x0000000018300000)]
  0x000000000478e800 JavaThread "main" [_thread_blocked, id=7548, stack(0x0000000004790000,0x0000000004890000)]

Other Threads:
  0x0000000017076800 VMThread [stack: 0x0000000018100000,0x0000000018200000] [id=5844]
  0x0000000018b2d800 WatcherThread [stack: 0x0000000019000000,0x0000000019100000] [id=3824]

VM state:not at safepoint (normal execution)

VM Mutex/Monitor currently owned by a thread: None

Heap:
 PSYoungGen      total 174080K, used 87561K [0x00000000eab00000, 0x00000000f6580000, 0x0000000100000000)
  eden space 159232K, 45% used [0x00000000eab00000,0x00000000ef2078f0,0x00000000f4680000)
  from space 14848K, 99% used [0x00000000f4880000,0x00000000f56fad88,0x00000000f5700000)
  to   space 12288K, 0% used [0x00000000f5980000,0x00000000f5980000,0x00000000f6580000)
 ParOldGen       total 87552K, used 19927K [0x00000000c0000000, 0x00000000c5580000, 0x00000000eab00000)
  object space 87552K, 22% used [0x00000000c0000000,0x00000000c1375f30,0x00000000c5580000)
 Metaspace       used 47088K, capacity 47980K, committed 48256K, reserved 1091584K
  class space    used 6209K, capacity 6429K, committed 6528K, reserved 1048576K

Card table byte_map: [0x0000000013da0000,0x0000000013fb0000] byte_map_base: 0x00000000137a0000

Marking Bits: (ParMarkBitMap*) 0x0000000055794970
 Begin Bits: [0x0000000014510000, 0x0000000015510000)
 End Bits:   [0x0000000015510000, 0x0000000016510000)

Polling page: 0x00000000030d0000

CodeCache: size=245760Kb used=18797Kb max_used=19148Kb free=226962Kb
 bounds [0x00000000049e0000, 0x0000000005cc0000, 0x00000000139e0000]
 total_blobs=5713 nmethods=4988 adapters=637
 compilation: enabled

Compilation events (10 events):
Event: 23.199 Thread 0x00000000170b7800 5528       3       sun.reflect.ClassFileAssembler::setMaxLocals (6 bytes)
Event: 23.199 Thread 0x00000000170b7800 nmethod 5528 0x0000000005540f90 code [0x00000000055410e0, 0x0000000005541230]
Event: 23.199 Thread 0x00000000170b7800 5529       3       sun.reflect.ClassFileAssembler::opc_dup_x1 (11 bytes)
Event: 23.200 Thread 0x00000000170b7800 nmethod 5529 0x0000000004d24f90 code [0x0000000004d25120, 0x0000000004d25488]
Event: 23.200 Thread 0x00000000170b7800 5530       3       sun.reflect.ClassFileAssembler::opc_swap (7 bytes)
Event: 23.200 Thread 0x00000000170b7800 nmethod 5530 0x0000000004bc2d90 code [0x0000000004bc2f00, 0x0000000004bc3148]
Event: 23.201 Thread 0x00000000170b7800 5532       1       com.google.common.cache.LocalCache$StrongEntry::getKey (5 bytes)
Event: 23.201 Thread 0x00000000170b7800 nmethod 5532 0x0000000004c91850 code [0x0000000004c919a0, 0x0000000004c91ab0]
Event: 23.201 Thread 0x00000000170b7800 5531       1       sun.reflect.ByteVectorImpl::getData (5 bytes)
Event: 23.201 Thread 0x00000000170b7800 nmethod 5531 0x0000000004f65e10 code [0x0000000004f65f60, 0x0000000004f66070]

GC Heap History (10 events):
Event: 9.307 GC heap before
{Heap before GC invocations=7 (full 1):
 PSYoungGen      total 71680K, used 71679K [0x00000000eab00000, 0x00000000f2a80000, 0x0000000100000000)
  eden space 66560K, 100% used [0x00000000eab00000,0x00000000eec00000,0x00000000eec00000)
  from space 5120K, 99% used [0x00000000eec00000,0x00000000ef0ffdf0,0x00000000ef100000)
  to   space 11264K, 0% used [0x00000000f1f80000,0x00000000f1f80000,0x00000000f2a80000)
 ParOldGen       total 62464K, used 12359K [0x00000000c0000000, 0x00000000c3d00000, 0x00000000eab00000)
  object space 62464K, 19% used [0x00000000c0000000,0x00000000c0c11ce8,0x00000000c3d00000)
 Metaspace       used 25444K, capacity 25974K, committed 26368K, reserved 1073152K
  class space    used 3289K, capacity 3459K, committed 3584K, reserved 1048576K
Event: 9.312 GC heap after
Heap after GC invocations=7 (full 1):
 PSYoungGen      total 117248K, used 2720K [0x00000000eab00000, 0x00000000f2980000, 0x0000000100000000)
  eden space 107008K, 0% used [0x00000000eab00000,0x00000000eab00000,0x00000000f1380000)
  from space 10240K, 26% used [0x00000000f1f80000,0x00000000f2228040,0x00000000f2980000)
  to   space 11264K, 0% used [0x00000000f1380000,0x00000000f1380000,0x00000000f1e80000)
 ParOldGen       total 62464K, used 12367K [0x00000000c0000000, 0x00000000c3d00000, 0x00000000eab00000)
  object space 62464K, 19% used [0x00000000c0000000,0x00000000c0c13ce8,0x00000000c3d00000)
 Metaspace       used 25444K, capacity 25974K, committed 26368K, reserved 1073152K
  class space    used 3289K, capacity 3459K, committed 3584K, reserved 1048576K
}
Event: 13.760 GC heap before
{Heap before GC invocations=8 (full 1):
 PSYoungGen      total 117248K, used 109728K [0x00000000eab00000, 0x00000000f2980000, 0x0000000100000000)
  eden space 107008K, 100% used [0x00000000eab00000,0x00000000f1380000,0x00000000f1380000)
  from space 10240K, 26% used [0x00000000f1f80000,0x00000000f2228040,0x00000000f2980000)
  to   space 11264K, 0% used [0x00000000f1380000,0x00000000f1380000,0x00000000f1e80000)
 ParOldGen       total 62464K, used 12367K [0x00000000c0000000, 0x00000000c3d00000, 0x00000000eab00000)
  object space 62464K, 19% used [0x00000000c0000000,0x00000000c0c13ce8,0x00000000c3d00000)
 Metaspace       used 31443K, capacity 32236K, committed 32512K, reserved 1077248K
  class space    used 4042K, capacity 4305K, committed 4352K, reserved 1048576K
Event: 13.770 GC heap after
Heap after GC invocations=8 (full 1):
 PSYoungGen      total 118272K, used 10936K [0x00000000eab00000, 0x00000000f6680000, 0x0000000100000000)
  eden space 107008K, 0% used [0x00000000eab00000,0x00000000eab00000,0x00000000f1380000)
  from space 11264K, 97% used [0x00000000f1380000,0x00000000f1e2e310,0x00000000f1e80000)
  to   space 13312K, 0% used [0x00000000f5980000,0x00000000f5980000,0x00000000f6680000)
 ParOldGen       total 62464K, used 12439K [0x00000000c0000000, 0x00000000c3d00000, 0x00000000eab00000)
  object space 62464K, 19% used [0x00000000c0000000,0x00000000c0c25cf8,0x00000000c3d00000)
 Metaspace       used 31443K, capacity 32236K, committed 32512K, reserved 1077248K
  class space    used 4042K, capacity 4305K, committed 4352K, reserved 1048576K
}
Event: 18.000 GC heap before
{Heap before GC invocations=9 (full 1):
 PSYoungGen      total 118272K, used 85109K [0x00000000eab00000, 0x00000000f6680000, 0x0000000100000000)
  eden space 107008K, 69% used [0x00000000eab00000,0x00000000ef36f300,0x00000000f1380000)
  from space 11264K, 97% used [0x00000000f1380000,0x00000000f1e2e310,0x00000000f1e80000)
  to   space 13312K, 0% used [0x00000000f5980000,0x00000000f5980000,0x00000000f6680000)
 ParOldGen       total 62464K, used 12439K [0x00000000c0000000, 0x00000000c3d00000, 0x00000000eab00000)
  object space 62464K, 19% used [0x00000000c0000000,0x00000000c0c25cf8,0x00000000c3d00000)
 Metaspace       used 34557K, capacity 35368K, committed 35456K, reserved 1079296K
  class space    used 4440K, capacity 4689K, committed 4736K, reserved 1048576K
Event: 18.013 GC heap after
Heap after GC invocations=9 (full 1):
 PSYoungGen      total 171520K, used 11813K [0x00000000eab00000, 0x00000000f6580000, 0x0000000100000000)
  eden space 159232K, 0% used [0x00000000eab00000,0x00000000eab00000,0x00000000f4680000)
  from space 12288K, 96% used [0x00000000f5980000,0x00000000f6509590,0x00000000f6580000)
  to   space 14848K, 0% used [0x00000000f4880000,0x00000000f4880000,0x00000000f5700000)
 ParOldGen       total 62464K, used 12447K [0x00000000c0000000, 0x00000000c3d00000, 0x00000000eab00000)
  object space 62464K, 19% used [0x00000000c0000000,0x00000000c0c27cf8,0x00000000c3d00000)
 Metaspace       used 34557K, capacity 35368K, committed 35456K, reserved 1079296K
  class space    used 4440K, capacity 4689K, committed 4736K, reserved 1048576K
}
Event: 18.013 GC heap before
{Heap before GC invocations=10 (full 2):
 PSYoungGen      total 171520K, used 11813K [0x00000000eab00000, 0x00000000f6580000, 0x0000000100000000)
  eden space 159232K, 0% used [0x00000000eab00000,0x00000000eab00000,0x00000000f4680000)
  from space 12288K, 96% used [0x00000000f5980000,0x00000000f6509590,0x00000000f6580000)
  to   space 14848K, 0% used [0x00000000f4880000,0x00000000f4880000,0x00000000f5700000)
 ParOldGen       total 62464K, used 12447K [0x00000000c0000000, 0x00000000c3d00000, 0x00000000eab00000)
  object space 62464K, 19% used [0x00000000c0000000,0x00000000c0c27cf8,0x00000000c3d00000)
 Metaspace       used 34557K, capacity 35368K, committed 35456K, reserved 1079296K
  class space    used 4440K, capacity 4689K, committed 4736K, reserved 1048576K
Event: 18.091 GC heap after
Heap after GC invocations=10 (full 2):
 PSYoungGen      total 171520K, used 0K [0x00000000eab00000, 0x00000000f6580000, 0x0000000100000000)
  eden space 159232K, 0% used [0x00000000eab00000,0x00000000eab00000,0x00000000f4680000)
  from space 12288K, 0% used [0x00000000f5980000,0x00000000f5980000,0x00000000f6580000)
  to   space 14848K, 0% used [0x00000000f4880000,0x00000000f4880000,0x00000000f5700000)
 ParOldGen       total 87552K, used 17650K [0x00000000c0000000, 0x00000000c5580000, 0x00000000eab00000)
  object space 87552K, 20% used [0x00000000c0000000,0x00000000c113cb78,0x00000000c5580000)
 Metaspace       used 34448K, capacity 35170K, committed 35456K, reserved 1079296K
  class space    used 4408K, capacity 4623K, committed 4736K, reserved 1048576K
}
Event: 21.759 GC heap before
{Heap before GC invocations=11 (full 2):
 PSYoungGen      total 171520K, used 159232K [0x00000000eab00000, 0x00000000f6580000, 0x0000000100000000)
  eden space 159232K, 100% used [0x00000000eab00000,0x00000000f4680000,0x00000000f4680000)
  from space 12288K, 0% used [0x00000000f5980000,0x00000000f5980000,0x00000000f6580000)
  to   space 14848K, 0% used [0x00000000f4880000,0x00000000f4880000,0x00000000f5700000)
 ParOldGen       total 87552K, used 17650K [0x00000000c0000000, 0x00000000c5580000, 0x00000000eab00000)
  object space 87552K, 20% used [0x00000000c0000000,0x00000000c113cb78,0x00000000c5580000)
 Metaspace       used 44535K, capacity 45418K, committed 45696K, reserved 1089536K
  class space    used 5792K, capacity 6013K, committed 6016K, reserved 1048576K
Event: 21.799 GC heap after
Heap after GC invocations=11 (full 2):
 PSYoungGen      total 174080K, used 14827K [0x00000000eab00000, 0x00000000f6580000, 0x0000000100000000)
  eden space 159232K, 0% used [0x00000000eab00000,0x00000000eab00000,0x00000000f4680000)
  from space 14848K, 99% used [0x00000000f4880000,0x00000000f56fad88,0x00000000f5700000)
  to   space 12288K, 0% used [0x00000000f5980000,0x00000000f5980000,0x00000000f6580000)
 ParOldGen       total 87552K, used 19927K [0x00000000c0000000, 0x00000000c5580000, 0x00000000eab00000)
  object space 87552K, 22% used [0x00000000c0000000,0x00000000c1375f30,0x00000000c5580000)
 Metaspace       used 44535K, capacity 45418K, committed 45696K, reserved 1089536K
  class space    used 5792K, capacity 6013K, committed 6016K, reserved 1048576K
}

Deoptimization events (10 events):
Event: 22.605 Thread 0x0000000019def000 Uncommon trap: reason=bimorphic action=maybe_recompile pc=0x00000000054ff338 method=java.util.Hashtable.get(Ljava/lang/Object;)Ljava/lang/Object; @ 6
Event: 22.605 Thread 0x0000000019def000 Uncommon trap: reason=bimorphic action=maybe_recompile pc=0x00000000054ff338 method=java.util.Hashtable.get(Ljava/lang/Object;)Ljava/lang/Object; @ 6
Event: 22.605 Thread 0x0000000019def000 Uncommon trap: reason=bimorphic action=maybe_recompile pc=0x00000000054ff338 method=java.util.Hashtable.get(Ljava/lang/Object;)Ljava/lang/Object; @ 6
Event: 22.656 Thread 0x0000000019def000 Uncommon trap: reason=range_check action=make_not_entrant pc=0x00000000059c25e0 method=java.lang.String.charAt(I)C @ 27
Event: 22.656 Thread 0x0000000019def000 Uncommon trap: reason=unstable_if action=reinterpret pc=0x0000000004b846b8 method=java.lang.String.replace(CC)Ljava/lang/String; @ 2
Event: 22.658 Thread 0x0000000019def000 Uncommon trap: reason=unstable_if action=reinterpret pc=0x0000000005706d2c method=org.codehaus.groovy.runtime.metaclass.MetaMethodIndex.copyNonPrivateNonNewMetaMethods(Lorg/codehaus/groovy/runtime/metaclass/MetaMethodIndex$Entry;Lorg/codehaus/groovy/runti
Event: 22.658 Thread 0x0000000019def000 Uncommon trap: reason=unstable_if action=reinterpret pc=0x00000000055073a4 method=groovy.lang.MetaClassImpl$1MOPIter.methodNameAction(Ljava/lang/Class;Lorg/codehaus/groovy/runtime/metaclass/MetaMethodIndex$Entry;)V @ 259
Event: 22.725 Thread 0x0000000019def000 Uncommon trap: reason=predicate action=maybe_recompile pc=0x0000000004de37fc method=org.gradle.logging.internal.AbstractLineChoppingStyledTextOutput.doAppend(Ljava/lang/String;)V @ 10
Event: 22.729 Thread 0x0000000019def000 Uncommon trap: reason=unstable_if action=reinterpret pc=0x000000000524d0a0 method=java.util.HashMap$HashIterator.<init>(Ljava/util/HashMap;)V @ 45
Event: 22.849 Thread 0x0000000019def000 Uncommon trap: reason=unstable_if action=reinterpret pc=0x0000000004fd37c0 method=java.lang.reflect.AccessibleObject.setAccessible0(Ljava/lang/reflect/AccessibleObject;Z)V @ 23

Classes redefined (0 events):
No events

Internal exceptions (10 events):
Event: 23.151 Thread 0x0000000019def000 Exception <a 'java/lang/ClassNotFoundException': org/gradle/api/internal/plugins/DefaultPluginContainerBeanInfo> (0x00000000eee3b1d0) thrown at [D:\src\AOSP-openjdk-cygwin\jdk8u\hotspot\src\share\vm\classfile\systemDictionary.cpp, line 210]
Event: 23.151 Thread 0x0000000019def000 Exception <a 'java/lang/ClassNotFoundException': org/gradle/api/internal/plugins/DefaultPluginCollectionBeanInfo> (0x00000000eee4b5e0) thrown at [D:\src\AOSP-openjdk-cygwin\jdk8u\hotspot\src\share\vm\classfile\systemDictionary.cpp, line 210]
Event: 23.151 Thread 0x0000000019def000 Exception <a 'java/lang/ClassNotFoundException': org/gradle/api/internal/DefaultDomainObjectSetBeanInfo> (0x00000000eee5a200) thrown at [D:\src\AOSP-openjdk-cygwin\jdk8u\hotspot\src\share\vm\classfile\systemDictionary.cpp, line 210]
Event: 23.151 Thread 0x0000000019def000 Exception <a 'java/lang/ClassNotFoundException': org/gradle/api/internal/DefaultDomainObjectSetCustomizer> (0x00000000eee69460) thrown at [D:\src\AOSP-openjdk-cygwin\jdk8u\hotspot\src\share\vm\classfile\systemDictionary.cpp, line 210]
Event: 23.152 Thread 0x0000000019def000 Exception <a 'java/lang/ClassNotFoundException': org/gradle/api/internal/plugins/DefaultPluginCollectionCustomizer> (0x00000000eee8ca10) thrown at [D:\src\AOSP-openjdk-cygwin\jdk8u\hotspot\src\share\vm\classfile\systemDictionary.cpp, line 210]
Event: 23.152 Thread 0x0000000019def000 Exception <a 'java/lang/ClassNotFoundException': org/gradle/api/internal/plugins/DefaultPluginContainerCustomizer> (0x00000000eeeb4170) thrown at [D:\src\AOSP-openjdk-cygwin\jdk8u\hotspot\src\share\vm\classfile\systemDictionary.cpp, line 210]
Event: 23.190 Thread 0x0000000019def000 Exception <a 'java/lang/ClassNotFoundException': org/gradle/plugins/ide/idea/internal/IdeaScalaConfigurerBeanInfo> (0x00000000eef5b9f8) thrown at [D:\src\AOSP-openjdk-cygwin\jdk8u\hotspot\src\share\vm\classfile\systemDictionary.cpp, line 210]
Event: 23.190 Thread 0x0000000019def000 Exception <a 'java/lang/ClassNotFoundException': org/gradle/plugins/ide/idea/internal/IdeaScalaConfigurerCustomizer> (0x00000000eef79b48) thrown at [D:\src\AOSP-openjdk-cygwin\jdk8u\hotspot\src\share\vm\classfile\systemDictionary.cpp, line 210]
Event: 23.202 Thread 0x0000000019def000 Exception <a 'java/lang/ClassNotFoundException': org/gradle/plugins/ide/idea/internal/IdeaNameDeduperBeanInfo> (0x00000000ef03dfd8) thrown at [D:\src\AOSP-openjdk-cygwin\jdk8u\hotspot\src\share\vm\classfile\systemDictionary.cpp, line 210]
Event: 23.202 Thread 0x0000000019def000 Exception <a 'java/lang/ClassNotFoundException': org/gradle/plugins/ide/idea/internal/IdeaNameDeduperCustomizer> (0x00000000ef05b280) thrown at [D:\src\AOSP-openjdk-cygwin\jdk8u\hotspot\src\share\vm\classfile\systemDictionary.cpp, line 210]

Events (10 events):
Event: 23.202 loading class org/gradle/plugins/ide/idea/internal/IdeaNameDeduperCustomizer
Event: 23.202 loading class org/gradle/plugins/ide/idea/internal/IdeaNameDeduperCustomizer done
Event: 23.202 Thread 0x00000000170b7800 flushing nmethod 0x000000000503a8d0
Event: 23.202 Thread 0x00000000170b7800 flushing nmethod 0x00000000050414d0
Event: 23.202 Thread 0x00000000170b7800 flushing nmethod 0x0000000005043610
Event: 23.202 loading class org/gradle/plugins/ide/idea/internal/IdeaNameDeduperCustomizer
Event: 23.202 loading class org/gradle/plugins/ide/idea/internal/IdeaNameDeduperCustomizer done
Event: 23.202 Thread 0x00000000170b7800 flushing nmethod 0x000000000518ae50
Event: 23.202 loading class org/gradle/plugins/ide/idea/internal/IdeaNameDeduperCustomizer
Event: 23.202 loading class org/gradle/plugins/ide/idea/internal/IdeaNameDeduperCustomizer done


Dynamic libraries:
0x00007ff610290000 - 0x00007ff6102c1000 	C:\Program Files\Android\Android Studio\jre\bin\java.exe
0x00007ffdd33f0000 - 0x00007ffdd35d0000 	C:\WINDOWS\SYSTEM32\ntdll.dll
0x00007ffdd2f30000 - 0x00007ffdd2fde000 	C:\WINDOWS\System32\KERNEL32.DLL
0x00007ffdd0650000 - 0x00007ffdd08b6000 	C:\WINDOWS\System32\KERNELBASE.dll
0x00007ffdd0900000 - 0x00007ffdd09a1000 	C:\WINDOWS\System32\ADVAPI32.dll
0x00007ffdd2730000 - 0x00007ffdd27cd000 	C:\WINDOWS\System32\msvcrt.dll
0x00007ffdd22f0000 - 0x00007ffdd234b000 	C:\WINDOWS\System32\sechost.dll
0x00007ffdd30f0000 - 0x00007ffdd320f000 	C:\WINDOWS\System32\RPCRT4.dll
0x00007ffdd3230000 - 0x00007ffdd33bf000 	C:\WINDOWS\System32\USER32.dll
0x00007ffdcf870000 - 0x00007ffdcf890000 	C:\WINDOWS\System32\win32u.dll
0x00007ffdd30c0000 - 0x00007ffdd30e8000 	C:\WINDOWS\System32\GDI32.dll
0x00007ffdcffe0000 - 0x00007ffdd0173000 	C:\WINDOWS\System32\gdi32full.dll
0x00007ffdd05b0000 - 0x00007ffdd064b000 	C:\WINDOWS\System32\msvcp_win.dll
0x00007ffdd02e0000 - 0x00007ffdd03d6000 	C:\WINDOWS\System32\ucrtbase.dll
0x00007ffdbb7d0000 - 0x00007ffdbba39000 	C:\WINDOWS\WinSxS\amd64_microsoft.windows.common-controls_6595b64144ccf1df_6.0.16299.125_none_15cbcf8893620c09\COMCTL32.dll
0x00007ffdd23c0000 - 0x00007ffdd26c8000 	C:\WINDOWS\System32\combase.dll
0x00007ffdcf7f0000 - 0x00007ffdcf862000 	C:\WINDOWS\System32\bcryptPrimitives.dll
0x00007ffdd08c0000 - 0x00007ffdd08ed000 	C:\WINDOWS\System32\IMM32.DLL
0x0000000054ef0000 - 0x0000000054fc2000 	C:\Program Files\Android\Android Studio\jre\jre\bin\msvcr100.dll
0x0000000054fd0000 - 0x000000005580f000 	C:\Program Files\Android\Android Studio\jre\jre\bin\server\jvm.dll
0x00007ffdd08f0000 - 0x00007ffdd08f8000 	C:\WINDOWS\System32\PSAPI.DLL
0x00007ffdcc3c0000 - 0x00007ffdcc3e3000 	C:\WINDOWS\SYSTEM32\WINMM.dll
0x00007ffdc1310000 - 0x00007ffdc131a000 	C:\WINDOWS\SYSTEM32\VERSION.dll
0x00007ffdc0010000 - 0x00007ffdc0019000 	C:\WINDOWS\SYSTEM32\WSOCK32.dll
0x00007ffdcc270000 - 0x00007ffdcc29a000 	C:\WINDOWS\SYSTEM32\winmmbase.dll
0x00007ffdd2350000 - 0x00007ffdd23bc000 	C:\WINDOWS\System32\WS2_32.dll
0x00007ffdd01e0000 - 0x00007ffdd022a000 	C:\WINDOWS\System32\cfgmgr32.dll
0x00007ffdcc800000 - 0x00007ffdcc80f000 	C:\Program Files\Android\Android Studio\jre\jre\bin\verify.dll
0x00007ffdbd330000 - 0x00007ffdbd359000 	C:\Program Files\Android\Android Studio\jre\jre\bin\java.dll
0x00007ffdbcc80000 - 0x00007ffdbcc96000 	C:\Program Files\Android\Android Studio\jre\jre\bin\zip.dll
0x00007ffdd0d60000 - 0x00007ffdd2196000 	C:\WINDOWS\System32\SHELL32.dll
0x00007ffdd0b40000 - 0x00007ffdd0be6000 	C:\WINDOWS\System32\shcore.dll
0x00007ffdcf890000 - 0x00007ffdcffd7000 	C:\WINDOWS\System32\windows.storage.dll
0x00007ffdd2ed0000 - 0x00007ffdd2f21000 	C:\WINDOWS\System32\shlwapi.dll
0x00007ffdcf7d0000 - 0x00007ffdcf7e1000 	C:\WINDOWS\System32\kernel.appcore.dll
0x00007ffdcf780000 - 0x00007ffdcf7cc000 	C:\WINDOWS\System32\powrprof.dll
0x00007ffdcf740000 - 0x00007ffdcf75b000 	C:\WINDOWS\System32\profapi.dll
0x00007ffdcc7a0000 - 0x00007ffdcc7ba000 	C:\Program Files\Android\Android Studio\jre\jre\bin\net.dll
0x00007ffdcef70000 - 0x00007ffdcefd6000 	C:\WINDOWS\system32\mswsock.dll
0x00007ffdbcfe0000 - 0x00007ffdbcff1000 	C:\Program Files\Android\Android Studio\jre\jre\bin\nio.dll
0x00007ffdbcee0000 - 0x00007ffdbcef2000 	C:\Users\julia.gorelikova\.gradle\native\19\windows-amd64\native-platform.dll
0x00007ffdced00000 - 0x00007ffdced39000 	C:\WINDOWS\SYSTEM32\IPHLPAPI.DLL
0x00007ffdd09b0000 - 0x00007ffdd09b8000 	C:\WINDOWS\System32\NSI.dll
0x00007ffdc9d70000 - 0x00007ffdc9d86000 	C:\WINDOWS\SYSTEM32\dhcpcsvc6.DLL
0x00007ffdc9770000 - 0x00007ffdc978a000 	C:\WINDOWS\SYSTEM32\dhcpcsvc.DLL
0x00007ffdcf130000 - 0x00007ffdcf147000 	C:\WINDOWS\SYSTEM32\CRYPTSP.dll
0x00007ffdceb80000 - 0x00007ffdcebb3000 	C:\WINDOWS\system32\rsaenh.dll
0x00007ffdcf240000 - 0x00007ffdcf265000 	C:\WINDOWS\SYSTEM32\bcrypt.dll
0x00007ffdcf670000 - 0x00007ffdcf699000 	C:\WINDOWS\SYSTEM32\USERENV.dll
0x00007ffdcf150000 - 0x00007ffdcf15b000 	C:\WINDOWS\SYSTEM32\CRYPTBASE.dll
0x00007ffdcc7f0000 - 0x00007ffdcc7fd000 	C:\Program Files\Android\Android Studio\jre\jre\bin\management.dll

VM Arguments:
jvm_args: -XX:MaxPermSize=256m -XX:+HeapDumpOnOutOfMemoryError -Xmx1024m -Dfile.encoding=windows-1251 -Duser.country=RU -Duser.language=ru -Duser.variant 
java_command: org.gradle.launcher.daemon.bootstrap.GradleDaemon 2.10
java_class_path (initial): C:\Users\julia.gorelikova\.gradle\wrapper\dists\gradle-2.10-all\a4w5fzrkeut1ox71xslb49gst\gradle-2.10\lib\gradle-launcher-2.10.jar
Launcher Type: SUN_STANDARD

Environment Variables:
JAVA_HOME=C:\Program Files\Java\jdk1.8.0_144\
CLASSPATH=C:\Program Files (x86)\IBM\WebSphere MQ\Java\lib\com.ibm.mqjms.jar;C:\Program Files (x86)\IBM\WebSphere MQ\Java\lib\com.ibm.mq.jar
PATH=C:\Program Files (x86)\Common Files\Oracle\Java\javapath;C:\Program Files (x86)\IBM\WebSphere MQ\Java\lib;C:\Program Files (x86)\IBM\WebSphere MQ\Java\lib64;C:\ProgramData\Oracle\Java\javapath;C:\WINDOWS\system32;C:\WINDOWS;C:\WINDOWS\System32\Wbem;C:\WINDOWS\System32\WindowsPowerShell\v1.0\;C:\Program Files\Java\jdk1.8.0_144\bin;C:\Program Files (x86)\IBM\WebSphere MQ\bin64;C:\Program Files (x86)\IBM\WebSphere MQ\bin;C:\Program Files (x86)\IBM\WebSphere MQ\tools\c\samples\bin;C:\Program Files\Git\cmd;C:\sqlite;C:\Users\julia.gorelikova\AppData\Local\Microsoft\WindowsApps;C:\Program Files\maven\\bin;;C:\Users\julia.gorelikova\AppData\Local\Programs\EmEditor
USERNAME=julia.gorelikova
OS=Windows_NT
PROCESSOR_IDENTIFIER=Intel64 Family 6 Model 60 Stepping 3, GenuineIntel



---------------  S Y S T E M  ---------------

OS: Windows 10.0 , 64 bit Build 16299 (10.0.16299.15)

CPU:total 4 (initial active 4) (2 cores per cpu, 2 threads per core) family 6 model 60 stepping 3, cmov, cx8, fxsr, mmx, sse, sse2, sse3, ssse3, sse4.1, sse4.2, popcnt, avx, avx2, aes, clmul, erms, lzcnt, ht, tsc, tscinvbit, bmi1, bmi2

Memory: 4k page, physical 8263700k(1130568k free), swap 11114516k(12776k free)

vm_info: OpenJDK 64-Bit Server VM (25.152-b02) for windows-amd64 JRE (1.8.0_152-release-1024-b02), built by "builder" with MS VC++ 10.0 (VS2010)

time: Fri Aug 24 13:04:41 2018
elapsed time: 23 seconds (0d 0h 0m 23s)

