#
# A fatal error has been detected by the Java Runtime Environment:
#
#  EXCEPTION_ACCESS_VIOLATION (0xc0000005) at pc=0x00007ffdbcfe7417, pid=12364, tid=0x0000000000000170
#
# JRE version: OpenJDK Runtime Environment (8.0_152-b02) (build 1.8.0_152-release-1024-b02)
# Java VM: OpenJDK 64-Bit Server VM (25.152-b02 mixed mode windows-amd64 compressed oops)
# Problematic frame:
# C  [nio.dll+0x7417]
#
# Failed to write core dump. Minidumps are not enabled by default on client versions of Windows
#
# If you would like to submit a bug report, please visit:
#   http://bugreport.java.com/bugreport/crash.jsp
# The crash happened outside the Java Virtual Machine in native code.
# See problematic frame for where to report the bug.
#

---------------  T H R E A D  ---------------

Current thread (0x000000001a6a0000):  JavaThread "stderr" daemon [_thread_in_native, id=368, stack(0x0000000024260000,0x0000000024360000)]

siginfo: ExceptionCode=0xc0000005, writing address 0x0000000024353000

Registers:
RAX=0x000000000000d0e0, RBX=0x000000001b6348a0, RCX=0x000000001a6a01e0, RDX=0x000000002435e640
RSP=0x000000002435e5a8, RBP=0x00000000243515e0, RSI=0x00000000f4f9db58, RDI=0x00000000f4f9cb40
R8 =0x000000001a52b000, R9 =0x0000000000000002, R10=0x0000000024351000, R11=0x0000000024353000
R12=0x0000000000000000, R13=0xffffffffffffffff, R14=0x000000002435e740, R15=0x000000001a6a0000
RIP=0x00007ffdbcfe7417, EFLAGS=0x0000000000010287

Top of Stack: (sp=0x000000002435e5a8)
0x000000002435e5a8:   00007ffdbcfe6d90 0000000005d426d8
0x000000002435e5b8:   00007ffdbcfe6db2 000000001a6a0000
0x000000002435e5c8:   000000002435e740 ffffffffffffffff
0x000000002435e5d8:   0000000000000000 00000000f4f9cb40
0x000000002435e5e8:   00000000f4f9db58 000000002435e680
0x000000002435e5f8:   0000000005d427d8 0000000000000000
0x000000002435e608:   000000001b6348a0 00000000c0337740
0x000000002435e618:   000000005518e24c 000000002435e658
0x000000002435e628:   000000002435e660 000000002435e668
0x000000002435e638:   ffffffffffffffff 00000000f4f9cb20
0x000000002435e648:   000000005512cb42 0000000000000000
0x000000002435e658:   00000000f4f9cb40 00000000f4f9db58
0x000000002435e668:   00000000f4f9eb70 000000002435e6b0
0x000000002435e678:   000000001b62cb10 000000002435e730
0x000000002435e688:   0000000005187ae0 ffffffffffffffff
0x000000002435e698:   000000002435e6b0 0000000005187ae0 

Instructions: (pc=0x00007ffdbcfe7417)
0x00007ffdbcfe73f7:   d0 4d 0f 42 d3 65 4c 8b 1c 25 10 00 00 00 4d 3b
0x00007ffdbcfe7407:   d3 73 16 66 41 81 e2 00 f0 4d 8d 9b 00 f0 ff ff
0x00007ffdbcfe7417:   41 c6 03 00 4d 3b d3 75 f0 4c 8b 14 24 4c 8b 5c
0x00007ffdbcfe7427:   24 08 48 83 c4 10 c3 cc cc 40 53 48 83 ec 20 b9 


Register to memory mapping:

RAX=0x000000000000d0e0 is an unknown value
RBX={method} {0x000000001b6348a8} 'poll0' '(JI[I[I[IJ)I' in 'sun/nio/ch/WindowsSelectorImpl$SubSelector'
RCX=0x000000001a6a01e0 is an unknown value
RDX=0x000000002435e640 is pointing into the stack for thread: 0x000000001a6a0000
RSP=0x000000002435e5a8 is pointing into the stack for thread: 0x000000001a6a0000
RBP=0x00000000243515e0 is pointing into the stack for thread: 0x000000001a6a0000
RSI=0x00000000f4f9db58 is an oop
[I 
 - klass: {type array int}
 - length: 1025
RDI=0x00000000f4f9cb40 is an oop
[I 
 - klass: {type array int}
 - length: 1025
R8 =0x000000001a52b000 is an unknown value
R9 =0x0000000000000002 is an unknown value
R10=0x0000000024351000 is pointing into the stack for thread: 0x000000001a6a0000
R11=0x0000000024353000 is pointing into the stack for thread: 0x000000001a6a0000
R12=0x0000000000000000 is an unknown value
R13=0xffffffffffffffff is an unknown value
R14=0x000000002435e740 is pointing into the stack for thread: 0x000000001a6a0000
R15=0x000000001a6a0000 is a thread


Stack: [0x0000000024260000,0x0000000024360000],  sp=0x000000002435e5a8,  free space=1017k
Native frames: (J=compiled Java code, j=interpreted, Vv=VM code, C=native code)
C  [nio.dll+0x7417]

Java frames: (J=compiled Java code, j=interpreted, Vv=VM code)
J 7214  sun.nio.ch.WindowsSelectorImpl$SubSelector.poll0(JI[I[I[IJ)I (0 bytes) @ 0x0000000005d42752 [0x0000000005d426c0+0x92]
j  sun.nio.ch.WindowsSelectorImpl$SubSelector.poll()I+43
j  sun.nio.ch.WindowsSelectorImpl$SubSelector.access$400(Lsun/nio/ch/WindowsSelectorImpl$SubSelector;)I+1
j  sun.nio.ch.WindowsSelectorImpl.doSelect(J)I+63
j  sun.nio.ch.SelectorImpl.lockAndDoSelect(J)I+37
J 7212 C1 sun.nio.ch.SelectorImpl.select()I (6 bytes) @ 0x0000000005d4233c [0x0000000005d421c0+0x17c]
j  org.gradle.messaging.remote.internal.inet.SocketConnection$SocketOutputStream.flush()V+22
j  org.gradle.messaging.remote.internal.inet.SocketConnection.dispatch(Ljava/lang/Object;)V+14
j  org.gradle.launcher.daemon.server.SynchronizedDispatchConnection.dispatch(Ljava/lang/Object;)V+64
j  org.gradle.launcher.daemon.server.DefaultDaemonConnection.logEvent(Lorg/gradle/logging/internal/OutputEvent;)V+12
j  org.gradle.launcher.daemon.server.exec.LogToClient$1.onOutput(Lorg/gradle/logging/internal/OutputEvent;)V+29
J 1163 C1 sun.reflect.GeneratedMethodAccessor2.invoke(Ljava/lang/Object;[Ljava/lang/Object;)Ljava/lang/Object; (68 bytes) @ 0x000000000557fff4 [0x000000000557fc80+0x374]
J 5217 C2 java.lang.reflect.Method.invoke(Ljava/lang/Object;[Ljava/lang/Object;)Ljava/lang/Object; (62 bytes) @ 0x0000000006325384 [0x0000000006325300+0x84]
J 721 C1 org.gradle.messaging.dispatch.ReflectionDispatch.dispatch(Lorg/gradle/messaging/dispatch/MethodInvocation;)V (42 bytes) @ 0x0000000005475ee4 [0x0000000005475b60+0x384]
J 707 C1 org.gradle.messaging.dispatch.ReflectionDispatch.dispatch(Ljava/lang/Object;)V (9 bytes) @ 0x000000000546702c [0x0000000005466ec0+0x16c]
J 4663 C1 org.gradle.internal.event.AbstractBroadcastDispatch.dispatch(Lorg/gradle/messaging/dispatch/MethodInvocation;Ljava/util/Iterator;)V (127 bytes) @ 0x00000000053dc074 [0x00000000053dbb20+0x554]
J 4318 C1 org.gradle.internal.event.BroadcastDispatch.dispatch(Ljava/lang/Object;)V (9 bytes) @ 0x00000000060fac34 [0x00000000060fa700+0x534]
J 686 C1 org.gradle.messaging.dispatch.ProxyDispatchAdapter$DispatchingInvocationHandler.invoke(Ljava/lang/Object;Ljava/lang/reflect/Method;[Ljava/lang/Object;)Ljava/lang/Object; (179 bytes) @ 0x000000000545fb94 [0x000000000545e080+0x1b14]
J 4733 C1 com.sun.proxy.$Proxy0.onOutput(Lorg/gradle/logging/internal/OutputEvent;)V (34 bytes) @ 0x00000000053c2924 [0x00000000053c2660+0x2c4]
J 5561 C1 org.gradle.logging.internal.OutputEventRenderer.onOutput(Lorg/gradle/logging/internal/OutputEvent;)V (112 bytes) @ 0x00000000059c42f4 [0x00000000059c3860+0xa94]
j  org.gradle.logging.internal.slf4j.OutputEventListenerBackedLogger.log(Lorg/gradle/api/logging/LogLevel;Ljava/lang/Throwable;Ljava/lang/String;)V+38
j  org.gradle.logging.internal.slf4j.OutputEventListenerBackedLogger.log(Lorg/gradle/api/logging/LogLevel;Ljava/lang/String;)V+12
j  com.android.build.gradle.internal.LoggerWrapper.warning(Ljava/lang/String;[Ljava/lang/Object;)V+53
j  com.android.build.gradle.tasks.MergeResources$FilteringLogger.warning(Ljava/lang/String;[Ljava/lang/Object;)V+29
j  com.android.builder.png.AaptProcess$NotifierProcessOutput.err(Ljava/lang/String;)V+79
j  com.android.builder.png.AaptProcess$ProcessOutputFacade.err(Ljava/lang/String;)V+55
j  com.android.utils.GrabProcessOutput$1.run()V+45
v  ~StubRoutines::call_stub

---------------  P R O C E S S  ---------------

Java Threads: ( => current thread )
  0x000000001dd80800 JavaThread "stdout" daemon [_thread_in_native, id=14260, stack(0x0000000026360000,0x0000000026460000)]
  0x000000001dd7f000 JavaThread "stderr" daemon [_thread_in_native, id=11916, stack(0x0000000026260000,0x0000000026360000)]
  0x000000001dd73000 JavaThread "stdout" daemon [_thread_in_native, id=9300, stack(0x0000000026160000,0x0000000026260000)]
  0x000000001dd7a000 JavaThread "stderr" daemon [_thread_in_native, id=1628, stack(0x0000000026060000,0x0000000026160000)]
  0x000000001dd79000 JavaThread "stdout" daemon [_thread_in_native, id=12564, stack(0x0000000025f60000,0x0000000026060000)]
  0x000000001dd76000 JavaThread "stderr" daemon [_thread_in_native, id=1208, stack(0x0000000025e60000,0x0000000025f60000)]
  0x000000001dd75800 JavaThread "stdout" daemon [_thread_in_native, id=8960, stack(0x0000000025d60000,0x0000000025e60000)]
  0x000000001dd78800 JavaThread "stderr" daemon [_thread_in_native, id=1432, stack(0x0000000025c60000,0x0000000025d60000)]
  0x000000001dd74800 JavaThread "stdout" daemon [_thread_in_native, id=5720, stack(0x0000000025b60000,0x0000000025c60000)]
  0x000000001dd77800 JavaThread "stderr" daemon [_thread_in_native, id=12616, stack(0x0000000025a60000,0x0000000025b60000)]
  0x000000001dd71800 JavaThread "stdout" daemon [_thread_in_native, id=9108, stack(0x0000000025960000,0x0000000025a60000)]
  0x000000001dd77000 JavaThread "stderr" daemon [_thread_in_native, id=13676, stack(0x0000000025860000,0x0000000025960000)]
  0x000000001dd74000 JavaThread "stdout" daemon [_thread_in_native, id=14264, stack(0x0000000025760000,0x0000000025860000)]
  0x000000001dd72800 JavaThread "stderr" daemon [_thread_in_native, id=11760, stack(0x0000000025660000,0x0000000025760000)]
  0x000000001a6a8000 JavaThread "stdout" daemon [_thread_in_native, id=10088, stack(0x0000000025560000,0x0000000025660000)]
  0x000000001a6a0800 JavaThread "stderr" daemon [_thread_in_native, id=14332, stack(0x0000000025460000,0x0000000025560000)]
  0x000000001a6a6000 JavaThread "stdout" daemon [_thread_in_native, id=13660, stack(0x0000000025360000,0x0000000025460000)]
  0x000000001a6a4800 JavaThread "stderr" daemon [_thread_in_native, id=13416, stack(0x0000000025260000,0x0000000025360000)]
  0x000000001a6a3800 JavaThread "stdout" daemon [_thread_in_native, id=2620, stack(0x0000000025160000,0x0000000025260000)]
  0x000000001a6a2000 JavaThread "stderr" daemon [_thread_in_native, id=7996, stack(0x0000000025060000,0x0000000025160000)]
  0x000000001a6a3000 JavaThread "stdout" daemon [_thread_in_native, id=1384, stack(0x0000000024f60000,0x0000000025060000)]
  0x000000001a6a7800 JavaThread "stderr" daemon [_thread_in_native, id=10268, stack(0x0000000024e60000,0x0000000024f60000)]
  0x000000001a6a1800 JavaThread "stdout" daemon [_thread_in_native, id=11192, stack(0x0000000024d60000,0x0000000024e60000)]
  0x000000001a6a5000 JavaThread "stderr" daemon [_thread_in_native, id=1168, stack(0x0000000024c60000,0x0000000024d60000)]
  0x000000001a6a6800 JavaThread "stdout" daemon [_thread_in_native, id=13208, stack(0x0000000024b60000,0x0000000024c60000)]
  0x000000001a69f000 JavaThread "stderr" daemon [_thread_in_native, id=3020, stack(0x0000000024a60000,0x0000000024b60000)]
  0x000000001a699000 JavaThread "stdout" daemon [_thread_in_native, id=13888, stack(0x0000000024960000,0x0000000024a60000)]
  0x000000001a69d000 JavaThread "stderr" daemon [_thread_in_native, id=9636, stack(0x0000000024860000,0x0000000024960000)]
  0x000000001a69a000 JavaThread "stdout" daemon [_thread_in_native, id=9128, stack(0x0000000024760000,0x0000000024860000)]
  0x000000001a69c000 JavaThread "stderr" daemon [_thread_in_native, id=13028, stack(0x0000000024660000,0x0000000024760000)]
  0x000000001a69b800 JavaThread "stdout" daemon [_thread_in_native, id=9600, stack(0x0000000024560000,0x0000000024660000)]
  0x000000001a69a800 JavaThread "stderr" daemon [_thread_in_native, id=9088, stack(0x0000000024460000,0x0000000024560000)]
  0x000000001a69e800 JavaThread "stdout" daemon [_thread_blocked, id=8052, stack(0x0000000024360000,0x0000000024460000)]
=>0x000000001a6a0000 JavaThread "stderr" daemon [_thread_in_native, id=368, stack(0x0000000024260000,0x0000000024360000)]
  0x000000001a69d800 JavaThread "stdout" daemon [_thread_in_native, id=5500, stack(0x0000000024160000,0x0000000024260000)]
  0x0000000019d93800 JavaThread "stderr" daemon [_thread_in_native, id=2720, stack(0x0000000024060000,0x0000000024160000)]
  0x0000000019d98000 JavaThread "stdout" daemon [_thread_in_native, id=10664, stack(0x0000000023f60000,0x0000000024060000)]
  0x000000001ce95800 JavaThread "stderr" daemon [_thread_in_native, id=10184, stack(0x0000000023e60000,0x0000000023f60000)]
  0x000000001ce93000 JavaThread "png-cruncher_20" daemon [_thread_blocked, id=11088, stack(0x0000000023d60000,0x0000000023e60000)]
  0x000000001ce97800 JavaThread "png-cruncher_19" daemon [_thread_blocked, id=7968, stack(0x0000000023c60000,0x0000000023d60000)]
  0x000000001ce91800 JavaThread "png-cruncher_18" daemon [_thread_blocked, id=5280, stack(0x0000000023b60000,0x0000000023c60000)]
  0x000000001ce96000 JavaThread "png-cruncher_17" daemon [_thread_blocked, id=13420, stack(0x0000000023a60000,0x0000000023b60000)]
  0x000000001ce98800 JavaThread "png-cruncher_16" daemon [_thread_blocked, id=12000, stack(0x0000000023960000,0x0000000023a60000)]
  0x000000001ce97000 JavaThread "png-cruncher_15" daemon [_thread_blocked, id=13524, stack(0x0000000023860000,0x0000000023960000)]
  0x000000001ce94800 JavaThread "png-cruncher_14" daemon [_thread_blocked, id=11724, stack(0x0000000023760000,0x0000000023860000)]
  0x000000001ce92800 JavaThread "png-cruncher_13" daemon [_thread_blocked, id=8080, stack(0x0000000023660000,0x0000000023760000)]
  0x000000001ce94000 JavaThread "png-cruncher_12" daemon [_thread_blocked, id=7952, stack(0x0000000023560000,0x0000000023660000)]
  0x000000001ce8a000 JavaThread "png-cruncher_11" daemon [_thread_blocked, id=6120, stack(0x0000000023460000,0x0000000023560000)]
  0x000000001ce8e000 JavaThread "png-cruncher_10" daemon [_thread_blocked, id=13976, stack(0x0000000023360000,0x0000000023460000)]
  0x000000001ce91000 JavaThread "png-cruncher_9" daemon [_thread_blocked, id=3080, stack(0x0000000023260000,0x0000000023360000)]
  0x000000001ce8d000 JavaThread "png-cruncher_8" daemon [_thread_blocked, id=1032, stack(0x0000000023160000,0x0000000023260000)]
  0x000000001ce89800 JavaThread "png-cruncher_7" daemon [_thread_blocked, id=11556, stack(0x0000000023060000,0x0000000023160000)]
  0x000000001ce8e800 JavaThread "png-cruncher_6" daemon [_thread_blocked, id=3916, stack(0x0000000022f60000,0x0000000023060000)]
  0x000000001ce8f800 JavaThread "png-cruncher_5" daemon [_thread_blocked, id=3292, stack(0x0000000022e60000,0x0000000022f60000)]
  0x000000001ce8b800 JavaThread "png-cruncher_4" daemon [_thread_blocked, id=6824, stack(0x0000000022d60000,0x0000000022e60000)]
  0x000000001ce8b000 JavaThread "png-cruncher_3" daemon [_thread_blocked, id=4576, stack(0x0000000022c60000,0x0000000022d60000)]
  0x000000001ce8c800 JavaThread "png-cruncher_2" daemon [_thread_blocked, id=14216, stack(0x0000000022b60000,0x0000000022c60000)]
  0x000000001ce90000 JavaThread "png-cruncher_1" daemon [_thread_blocked, id=10864, stack(0x0000000022a60000,0x0000000022b60000)]
  0x0000000019d95000 JavaThread "pool-1-thread-4" [_thread_blocked, id=8780, stack(0x0000000022960000,0x0000000022a60000)]
  0x0000000019d93000 JavaThread "pool-1-thread-3" [_thread_blocked, id=8200, stack(0x0000000022860000,0x0000000022960000)]
  0x0000000019d99000 JavaThread "pool-1-thread-2" [_thread_blocked, id=11284, stack(0x0000000022760000,0x0000000022860000)]
  0x0000000019d97800 JavaThread "pool-1-thread-1" [_thread_blocked, id=12020, stack(0x0000000022660000,0x0000000022760000)]
  0x0000000019d92000 JavaThread "Stdin handler" [_thread_blocked, id=3576, stack(0x0000000022360000,0x0000000022460000)]
  0x0000000019d94800 JavaThread "Cancel handler" [_thread_blocked, id=10068, stack(0x0000000021de0000,0x0000000021ee0000)]
  0x0000000019d96800 JavaThread "Handler for socket connection from /127.0.0.1:63145 to /127.0.0.1:63156" [_thread_in_native, id=12084, stack(0x0000000021880000,0x0000000021980000)]
  0x000000001a9e4000 JavaThread "File lock request listener" [_thread_in_native, id=12832, stack(0x000000001bfb0000,0x000000001c0b0000)]
  0x000000001a4a2000 JavaThread "Daemon worker" [_thread_blocked, id=10616, stack(0x000000001bbb0000,0x000000001bcb0000)]
  0x000000001a5b2800 JavaThread "Daemon" [_thread_blocked, id=11540, stack(0x000000001b8b0000,0x000000001b9b0000)]
  0x000000001a52e800 JavaThread "Incoming local TCP Connector on port 63145" [_thread_in_native, id=14200, stack(0x000000001a0b0000,0x000000001a1b0000)]
  0x00000000192d6000 JavaThread "Service Thread" daemon [_thread_blocked, id=9452, stack(0x00000000196b0000,0x00000000197b0000)]
  0x0000000017858000 JavaThread "C1 CompilerThread2" daemon [_thread_blocked, id=5316, stack(0x00000000191b0000,0x00000000192b0000)]
  0x0000000017854800 JavaThread "C2 CompilerThread1" daemon [_thread_blocked, id=11436, stack(0x00000000190b0000,0x00000000191b0000)]
  0x0000000017851000 JavaThread "C2 CompilerThread0" daemon [_thread_blocked, id=8208, stack(0x0000000018fb0000,0x00000000190b0000)]
  0x000000001784f800 JavaThread "Attach Listener" daemon [_thread_blocked, id=9048, stack(0x0000000018eb0000,0x0000000018fb0000)]
  0x000000001784e800 JavaThread "Signal Dispatcher" daemon [_thread_blocked, id=8048, stack(0x0000000018db0000,0x0000000018eb0000)]
  0x000000001783d800 JavaThread "Finalizer" daemon [_thread_blocked, id=13984, stack(0x0000000018ab0000,0x0000000018bb0000)]
  0x0000000005174800 JavaThread "Reference Handler" daemon [_thread_blocked, id=13988, stack(0x00000000189b0000,0x0000000018ab0000)]
  0x000000000507e800 JavaThread "main" [_thread_blocked, id=13640, stack(0x0000000004f00000,0x0000000005000000)]

Other Threads:
  0x0000000017815800 VMThread [stack: 0x00000000188b0000,0x00000000189b0000] [id=3156]
  0x00000000192de800 WatcherThread [stack: 0x00000000197b0000,0x00000000198b0000] [id=1516]

VM state:not at safepoint (normal execution)

VM Mutex/Monitor currently owned by a thread: None

Heap:
 PSYoungGen      total 165888K, used 86435K [0x00000000eab00000, 0x00000000f8100000, 0x0000000100000000)
  eden space 145408K, 50% used [0x00000000eab00000,0x00000000ef231bc0,0x00000000f3900000)
  from space 20480K, 66% used [0x00000000f4d80000,0x00000000f5ab70a8,0x00000000f6180000)
  to   space 20992K, 0% used [0x00000000f3900000,0x00000000f3900000,0x00000000f4d80000)
 ParOldGen       total 98304K, used 38497K [0x00000000c0000000, 0x00000000c6000000, 0x00000000eab00000)
  object space 98304K, 39% used [0x00000000c0000000,0x00000000c2598760,0x00000000c6000000)
 Metaspace       used 51661K, capacity 53332K, committed 53504K, reserved 1095680K
  class space    used 6952K, capacity 7421K, committed 7424K, reserved 1048576K

Card table byte_map: [0x0000000014540000,0x0000000014750000] byte_map_base: 0x0000000013f40000

Marking Bits: (ParMarkBitMap*) 0x0000000055794970
 Begin Bits: [0x0000000014cb0000, 0x0000000015cb0000)
 End Bits:   [0x0000000015cb0000, 0x0000000016cb0000)

Polling page: 0x0000000004e80000

CodeCache: size=245760Kb used=23729Kb max_used=24675Kb free=222030Kb
 bounds [0x0000000005180000, 0x00000000069c0000, 0x0000000014180000]
 total_blobs=7485 nmethods=6768 adapters=629
 compilation: enabled

Compilation events (10 events):
Event: 41.868 Thread 0x0000000017851000 8068 %     4       sun.nio.cs.SingleByte$Decoder::decodeArrayLoop @ 88 (154 bytes)
Event: 41.878 Thread 0x0000000017851000 nmethod 8068% 0x0000000005ea0ed0 code [0x0000000005ea1040, 0x0000000005ea1898]
Event: 41.880 Thread 0x0000000017858000 8069       3       java.util.Formatter$FormatSpecifier::localizedMagnitude (327 bytes)
Event: 41.882 Thread 0x0000000017858000 nmethod 8069 0x0000000005c4c8d0 code [0x0000000005c4ccc0, 0x0000000005c4f228]
Event: 41.888 Thread 0x0000000017858000 8070       3       java.util.concurrent.locks.AbstractQueuedSynchronizer::shouldParkAfterFailedAcquire (50 bytes)
Event: 41.888 Thread 0x0000000017858000 nmethod 8070 0x000000000642ce50 code [0x000000000642cfc0, 0x000000000642d2f0]
Event: 41.897 Thread 0x0000000017858000 8071       3       java.lang.Long::getChars (221 bytes)
Event: 41.898 Thread 0x0000000017858000 nmethod 8071 0x00000000068bd490 code [0x00000000068bd660, 0x00000000068bdcd0]
Event: 41.923 Thread 0x0000000017858000 8072       3       com.android.builder.png.AaptProcess$NotifierProcessOutput::out (162 bytes)
Event: 41.924 Thread 0x0000000017858000 nmethod 8072 0x0000000005847190 code [0x00000000058474c0, 0x0000000005849618]

GC Heap History (10 events):
Event: 6.478 GC heap before
{Heap before GC invocations=9 (full 2):
 PSYoungGen      total 113152K, used 12278K [0x00000000eab00000, 0x00000000f6080000, 0x0000000100000000)
  eden space 100864K, 0% used [0x00000000eab00000,0x00000000eab00000,0x00000000f0d80000)
  from space 12288K, 99% used [0x00000000f0d80000,0x00000000f197dad8,0x00000000f1980000)
  to   space 15360K, 0% used [0x00000000f5180000,0x00000000f5180000,0x00000000f6080000)
 ParOldGen       total 59392K, used 14578K [0x00000000c0000000, 0x00000000c3a00000, 0x00000000eab00000)
  object space 59392K, 24% used [0x00000000c0000000,0x00000000c0e3c9d0,0x00000000c3a00000)
 Metaspace       used 34539K, capacity 35382K, committed 35456K, reserved 1079296K
  class space    used 4526K, capacity 4705K, committed 4736K, reserved 1048576K
Event: 6.568 GC heap after
Heap after GC invocations=9 (full 2):
 PSYoungGen      total 113152K, used 0K [0x00000000eab00000, 0x00000000f6080000, 0x0000000100000000)
  eden space 100864K, 0% used [0x00000000eab00000,0x00000000eab00000,0x00000000f0d80000)
  from space 12288K, 0% used [0x00000000f0d80000,0x00000000f0d80000,0x00000000f1980000)
  to   space 15360K, 0% used [0x00000000f5180000,0x00000000f5180000,0x00000000f6080000)
 ParOldGen       total 98304K, used 21484K [0x00000000c0000000, 0x00000000c6000000, 0x00000000eab00000)
  object space 98304K, 21% used [0x00000000c0000000,0x00000000c14fb358,0x00000000c6000000)
 Metaspace       used 34539K, capacity 35382K, committed 35456K, reserved 1079296K
  class space    used 4526K, capacity 4705K, committed 4736K, reserved 1048576K
}
Event: 8.487 GC heap before
{Heap before GC invocations=10 (full 2):
 PSYoungGen      total 113152K, used 100864K [0x00000000eab00000, 0x00000000f6080000, 0x0000000100000000)
  eden space 100864K, 100% used [0x00000000eab00000,0x00000000f0d80000,0x00000000f0d80000)
  from space 12288K, 0% used [0x00000000f0d80000,0x00000000f0d80000,0x00000000f1980000)
  to   space 15360K, 0% used [0x00000000f5180000,0x00000000f5180000,0x00000000f6080000)
 ParOldGen       total 98304K, used 21484K [0x00000000c0000000, 0x00000000c6000000, 0x00000000eab00000)
  object space 98304K, 21% used [0x00000000c0000000,0x00000000c14fb358,0x00000000c6000000)
 Metaspace       used 41947K, capacity 42952K, committed 43008K, reserved 1087488K
  class space    used 5612K, capacity 5871K, committed 5888K, reserved 1048576K
Event: 8.501 GC heap after
Heap after GC invocations=10 (full 2):
 PSYoungGen      total 156672K, used 11572K [0x00000000eab00000, 0x00000000f5d00000, 0x0000000100000000)
  eden space 144896K, 0% used [0x00000000eab00000,0x00000000eab00000,0x00000000f3880000)
  from space 11776K, 98% used [0x00000000f5180000,0x00000000f5ccd248,0x00000000f5d00000)
  to   space 15872K, 0% used [0x00000000f3e00000,0x00000000f3e00000,0x00000000f4d80000)
 ParOldGen       total 98304K, used 21492K [0x00000000c0000000, 0x00000000c6000000, 0x00000000eab00000)
  object space 98304K, 21% used [0x00000000c0000000,0x00000000c14fd358,0x00000000c6000000)
 Metaspace       used 41947K, capacity 42952K, committed 43008K, reserved 1087488K
  class space    used 5612K, capacity 5871K, committed 5888K, reserved 1048576K
}
Event: 10.095 GC heap before
{Heap before GC invocations=11 (full 2):
 PSYoungGen      total 156672K, used 146508K [0x00000000eab00000, 0x00000000f5d00000, 0x0000000100000000)
  eden space 144896K, 93% used [0x00000000eab00000,0x00000000f2ec5e18,0x00000000f3880000)
  from space 11776K, 98% used [0x00000000f5180000,0x00000000f5ccd248,0x00000000f5d00000)
  to   space 15872K, 0% used [0x00000000f3e00000,0x00000000f3e00000,0x00000000f4d80000)
 ParOldGen       total 98304K, used 21492K [0x00000000c0000000, 0x00000000c6000000, 0x00000000eab00000)
  object space 98304K, 21% used [0x00000000c0000000,0x00000000c14fd358,0x00000000c6000000)
 Metaspace       used 46930K, capacity 48360K, committed 48640K, reserved 1091584K
  class space    used 6406K, capacity 6786K, committed 6912K, reserved 1048576K
Event: 10.122 GC heap after
Heap after GC invocations=11 (full 2):
 PSYoungGen      total 160768K, used 15864K [0x00000000eab00000, 0x00000000f6180000, 0x0000000100000000)
  eden space 144896K, 0% used [0x00000000eab00000,0x00000000eab00000,0x00000000f3880000)
  from space 15872K, 99% used [0x00000000f3e00000,0x00000000f4d7e040,0x00000000f4d80000)
  to   space 20480K, 0% used [0x00000000f4d80000,0x00000000f4d80000,0x00000000f6180000)
 ParOldGen       total 98304K, used 28670K [0x00000000c0000000, 0x00000000c6000000, 0x00000000eab00000)
  object space 98304K, 29% used [0x00000000c0000000,0x00000000c1bffa50,0x00000000c6000000)
 Metaspace       used 46930K, capacity 48360K, committed 48640K, reserved 1091584K
  class space    used 6406K, capacity 6786K, committed 6912K, reserved 1048576K
}
Event: 10.122 GC heap before
{Heap before GC invocations=12 (full 3):
 PSYoungGen      total 160768K, used 15864K [0x00000000eab00000, 0x00000000f6180000, 0x0000000100000000)
  eden space 144896K, 0% used [0x00000000eab00000,0x00000000eab00000,0x00000000f3880000)
  from space 15872K, 99% used [0x00000000f3e00000,0x00000000f4d7e040,0x00000000f4d80000)
  to   space 20480K, 0% used [0x00000000f4d80000,0x00000000f4d80000,0x00000000f6180000)
 ParOldGen       total 98304K, used 28670K [0x00000000c0000000, 0x00000000c6000000, 0x00000000eab00000)
  object space 98304K, 29% used [0x00000000c0000000,0x00000000c1bffa50,0x00000000c6000000)
 Metaspace       used 46930K, capacity 48360K, committed 48640K, reserved 1091584K
  class space    used 6406K, capacity 6786K, committed 6912K, reserved 1048576K
Event: 10.329 GC heap after
Heap after GC invocations=12 (full 3):
 PSYoungGen      total 160768K, used 0K [0x00000000eab00000, 0x00000000f6180000, 0x0000000100000000)
  eden space 144896K, 0% used [0x00000000eab00000,0x00000000eab00000,0x00000000f3880000)
  from space 15872K, 0% used [0x00000000f3e00000,0x00000000f3e00000,0x00000000f4d80000)
  to   space 20480K, 0% used [0x00000000f4d80000,0x00000000f4d80000,0x00000000f6180000)
 ParOldGen       total 98304K, used 38489K [0x00000000c0000000, 0x00000000c6000000, 0x00000000eab00000)
  object space 98304K, 39% used [0x00000000c0000000,0x00000000c2596760,0x00000000c6000000)
 Metaspace       used 46930K, capacity 48360K, committed 48640K, reserved 1091584K
  class space    used 6406K, capacity 6786K, committed 6912K, reserved 1048576K
}
Event: 40.272 GC heap before
{Heap before GC invocations=13 (full 3):
 PSYoungGen      total 160768K, used 144896K [0x00000000eab00000, 0x00000000f6180000, 0x0000000100000000)
  eden space 144896K, 100% used [0x00000000eab00000,0x00000000f3880000,0x00000000f3880000)
  from space 15872K, 0% used [0x00000000f3e00000,0x00000000f3e00000,0x00000000f4d80000)
  to   space 20480K, 0% used [0x00000000f4d80000,0x00000000f4d80000,0x00000000f6180000)
 ParOldGen       total 98304K, used 38489K [0x00000000c0000000, 0x00000000c6000000, 0x00000000eab00000)
  object space 98304K, 39% used [0x00000000c0000000,0x00000000c2596760,0x00000000c6000000)
 Metaspace       used 50910K, capacity 52628K, committed 52736K, reserved 1095680K
  class space    used 6879K, capacity 7357K, committed 7424K, reserved 1048576K
Event: 40.288 GC heap after
Heap after GC invocations=13 (full 3):
 PSYoungGen      total 165888K, used 13532K [0x00000000eab00000, 0x00000000f8100000, 0x0000000100000000)
  eden space 145408K, 0% used [0x00000000eab00000,0x00000000eab00000,0x00000000f3900000)
  from space 20480K, 66% used [0x00000000f4d80000,0x00000000f5ab70a8,0x00000000f6180000)
  to   space 20992K, 0% used [0x00000000f3900000,0x00000000f3900000,0x00000000f4d80000)
 ParOldGen       total 98304K, used 38497K [0x00000000c0000000, 0x00000000c6000000, 0x00000000eab00000)
  object space 98304K, 39% used [0x00000000c0000000,0x00000000c2598760,0x00000000c6000000)
 Metaspace       used 50910K, capacity 52628K, committed 52736K, reserved 1095680K
  class space    used 6879K, capacity 7357K, committed 7424K, reserved 1048576K
}

Deoptimization events (10 events):
Event: 40.426 Thread 0x000000001a4a2000 Uncommon trap: reason=bimorphic action=maybe_recompile pc=0x00000000054072c8 method=com.sun.org.apache.xerces.internal.dom.CoreDocumentImpl.isKidOK(Lorg/w3c/dom/Node;Lorg/w3c/dom/Node;)Z @ 39
Event: 40.426 Thread 0x000000001a4a2000 Uncommon trap: reason=bimorphic action=maybe_recompile pc=0x0000000006923b7c method=com.sun.org.apache.xerces.internal.dom.NodeImpl.changed()V @ 1
Event: 40.426 Thread 0x000000001a4a2000 Uncommon trap: reason=bimorphic action=maybe_recompile pc=0x00000000054072c8 method=com.sun.org.apache.xerces.internal.dom.CoreDocumentImpl.isKidOK(Lorg/w3c/dom/Node;Lorg/w3c/dom/Node;)Z @ 39
Event: 40.426 Thread 0x000000001a4a2000 Uncommon trap: reason=bimorphic action=maybe_recompile pc=0x0000000006923b7c method=com.sun.org.apache.xerces.internal.dom.NodeImpl.changed()V @ 1
Event: 40.426 Thread 0x000000001a4a2000 Uncommon trap: reason=bimorphic action=maybe_recompile pc=0x00000000054072c8 method=com.sun.org.apache.xerces.internal.dom.CoreDocumentImpl.isKidOK(Lorg/w3c/dom/Node;Lorg/w3c/dom/Node;)Z @ 39
Event: 40.426 Thread 0x000000001a4a2000 Uncommon trap: reason=bimorphic action=maybe_recompile pc=0x0000000006923b7c method=com.sun.org.apache.xerces.internal.dom.NodeImpl.changed()V @ 1
Event: 40.427 Thread 0x000000001a4a2000 Uncommon trap: reason=bimorphic action=maybe_recompile pc=0x00000000069237f8 method=com.sun.org.apache.xerces.internal.dom.CoreDocumentImpl.isKidOK(Lorg/w3c/dom/Node;Lorg/w3c/dom/Node;)Z @ 39
Event: 40.590 Thread 0x000000001a4a2000 Uncommon trap: reason=null_check action=make_not_entrant pc=0x000000000539f4ac method=com.android.ide.common.res2.NodeUtils.processSingleNodeNamespace(Lorg/w3c/dom/Node;Lorg/w3c/dom/Document;)Z @ 8
Event: 41.580 Thread 0x000000001ce8b800 Uncommon trap: reason=unstable_if action=reinterpret pc=0x0000000005fd16b0 method=java.util.regex.Matcher.appendReplacement(Ljava/lang/StringBuffer;Ljava/lang/String;)Ljava/util/regex/Matcher; @ 47
Event: 41.734 Thread 0x000000001ce96000 Uncommon trap: reason=unstable_if action=reinterpret pc=0x00000000064110a0 method=java.util.concurrent.locks.ReentrantLock$Sync.isHeldExclusively()Z @ 7

Classes redefined (0 events):
No events

Internal exceptions (10 events):
Event: 39.660 Thread 0x000000001a4a2000 Exception <a 'java/lang/ClassNotFoundException': com/android/ide/common/res2/AssetSetBeanInfo> (0x00000000f1c74e58) thrown at [D:\src\AOSP-openjdk-cygwin\jdk8u\hotspot\src\share\vm\classfile\systemDictionary.cpp, line 210]
Event: 39.660 Thread 0x000000001a4a2000 Exception <a 'java/lang/ClassNotFoundException': com/android/ide/common/res2/DataSetBeanInfo> (0x00000000f1c82e80) thrown at [D:\src\AOSP-openjdk-cygwin\jdk8u\hotspot\src\share\vm\classfile\systemDictionary.cpp, line 210]
Event: 39.660 Thread 0x000000001a4a2000 Exception <a 'java/lang/ClassNotFoundException': com/android/ide/common/res2/DataSetCustomizer> (0x00000000f1c91248) thrown at [D:\src\AOSP-openjdk-cygwin\jdk8u\hotspot\src\share\vm\classfile\systemDictionary.cpp, line 210]
Event: 39.661 Thread 0x000000001a4a2000 Exception <a 'java/lang/ClassNotFoundException': com/android/ide/common/res2/AssetSetCustomizer> (0x00000000f1cbc420) thrown at [D:\src\AOSP-openjdk-cygwin\jdk8u\hotspot\src\share\vm\classfile\systemDictionary.cpp, line 210]
Event: 39.667 Thread 0x000000001a4a2000 Exception <a 'java/lang/ClassNotFoundException': com/android/ide/common/res2/MergedAssetWriterBeanInfo> (0x00000000f1d19f10) thrown at [D:\src\AOSP-openjdk-cygwin\jdk8u\hotspot\src\share\vm\classfile\systemDictionary.cpp, line 210]
Event: 39.667 Thread 0x000000001a4a2000 Exception <a 'java/lang/ClassNotFoundException': com/android/ide/common/res2/MergeWriterBeanInfo> (0x00000000f1d286f8) thrown at [D:\src\AOSP-openjdk-cygwin\jdk8u\hotspot\src\share\vm\classfile\systemDictionary.cpp, line 210]
Event: 39.668 Thread 0x000000001a4a2000 Exception <a 'java/lang/ClassNotFoundException': com/android/ide/common/res2/MergeWriterCustomizer> (0x00000000f1d37270) thrown at [D:\src\AOSP-openjdk-cygwin\jdk8u\hotspot\src\share\vm\classfile\systemDictionary.cpp, line 210]
Event: 39.668 Thread 0x000000001a4a2000 Exception <a 'java/lang/ClassNotFoundException': com/android/ide/common/res2/MergedAssetWriterCustomizer> (0x00000000f1d4a950) thrown at [D:\src\AOSP-openjdk-cygwin\jdk8u\hotspot\src\share\vm\classfile\systemDictionary.cpp, line 210]
Event: 39.735 Thread 0x000000001a4a2000 Exception <a 'java/lang/NoSuchMethodError': <clinit>> (0x00000000f1dfc250) thrown at [D:\src\AOSP-openjdk-cygwin\jdk8u\hotspot\src\share\vm\prims\jni.cpp, line 1613]
Event: 40.590 Thread 0x000000001a4a2000 Implicit null exception at 0x000000000539f357 to 0x000000000539f49b

Events (10 events):
Event: 41.838 Executing VM operation: BulkRevokeBias
Event: 41.838 Executing VM operation: BulkRevokeBias done
Event: 41.839 Executing VM operation: RevokeBias
Event: 41.840 Executing VM operation: RevokeBias done
Event: 41.924 Executing VM operation: RevokeBias
Event: 41.924 Executing VM operation: RevokeBias done
Event: 41.924 Executing VM operation: RevokeBias
Event: 41.925 Executing VM operation: RevokeBias done
Event: 41.925 Executing VM operation: RevokeBias
Event: 41.925 Executing VM operation: RevokeBias done


Dynamic libraries:
0x00007ff610290000 - 0x00007ff6102c1000 	C:\Program Files\Android\Android Studio\jre\bin\java.exe
0x00007ffdd33f0000 - 0x00007ffdd35d0000 	C:\WINDOWS\SYSTEM32\ntdll.dll
0x00007ffdd2f30000 - 0x00007ffdd2fde000 	C:\WINDOWS\System32\KERNEL32.DLL
0x00007ffdd0650000 - 0x00007ffdd08b6000 	C:\WINDOWS\System32\KERNELBASE.dll
0x00007ffdd0900000 - 0x00007ffdd09a1000 	C:\WINDOWS\System32\ADVAPI32.dll
0x00007ffdd2730000 - 0x00007ffdd27cd000 	C:\WINDOWS\System32\msvcrt.dll
0x00007ffdd22f0000 - 0x00007ffdd234b000 	C:\WINDOWS\System32\sechost.dll
0x00007ffdd30f0000 - 0x00007ffdd320f000 	C:\WINDOWS\System32\RPCRT4.dll
0x00007ffdd3230000 - 0x00007ffdd33bf000 	C:\WINDOWS\System32\USER32.dll
0x00007ffdcf870000 - 0x00007ffdcf890000 	C:\WINDOWS\System32\win32u.dll
0x00007ffdd30c0000 - 0x00007ffdd30e8000 	C:\WINDOWS\System32\GDI32.dll
0x00007ffdcffe0000 - 0x00007ffdd0173000 	C:\WINDOWS\System32\gdi32full.dll
0x00007ffdd05b0000 - 0x00007ffdd064b000 	C:\WINDOWS\System32\msvcp_win.dll
0x00007ffdd02e0000 - 0x00007ffdd03d6000 	C:\WINDOWS\System32\ucrtbase.dll
0x00007ffdbb7d0000 - 0x00007ffdbba39000 	C:\WINDOWS\WinSxS\amd64_microsoft.windows.common-controls_6595b64144ccf1df_6.0.16299.125_none_15cbcf8893620c09\COMCTL32.dll
0x00007ffdd23c0000 - 0x00007ffdd26c8000 	C:\WINDOWS\System32\combase.dll
0x00007ffdcf7f0000 - 0x00007ffdcf862000 	C:\WINDOWS\System32\bcryptPrimitives.dll
0x00007ffdd08c0000 - 0x00007ffdd08ed000 	C:\WINDOWS\System32\IMM32.DLL
0x0000000054ef0000 - 0x0000000054fc2000 	C:\Program Files\Android\Android Studio\jre\jre\bin\msvcr100.dll
0x0000000054fd0000 - 0x000000005580f000 	C:\Program Files\Android\Android Studio\jre\jre\bin\server\jvm.dll
0x00007ffdd08f0000 - 0x00007ffdd08f8000 	C:\WINDOWS\System32\PSAPI.DLL
0x00007ffdc0010000 - 0x00007ffdc0019000 	C:\WINDOWS\SYSTEM32\WSOCK32.dll
0x00007ffdcc3c0000 - 0x00007ffdcc3e3000 	C:\WINDOWS\SYSTEM32\WINMM.dll
0x00007ffdc1310000 - 0x00007ffdc131a000 	C:\WINDOWS\SYSTEM32\VERSION.dll
0x00007ffdd2350000 - 0x00007ffdd23bc000 	C:\WINDOWS\System32\WS2_32.dll
0x00007ffdcc270000 - 0x00007ffdcc29a000 	C:\WINDOWS\SYSTEM32\winmmbase.dll
0x00007ffdd01e0000 - 0x00007ffdd022a000 	C:\WINDOWS\System32\cfgmgr32.dll
0x00007ffdcc800000 - 0x00007ffdcc80f000 	C:\Program Files\Android\Android Studio\jre\jre\bin\verify.dll
0x00007ffdbd330000 - 0x00007ffdbd359000 	C:\Program Files\Android\Android Studio\jre\jre\bin\java.dll
0x00007ffdbcc80000 - 0x00007ffdbcc96000 	C:\Program Files\Android\Android Studio\jre\jre\bin\zip.dll
0x00007ffdd0d60000 - 0x00007ffdd2196000 	C:\WINDOWS\System32\SHELL32.dll
0x00007ffdd0b40000 - 0x00007ffdd0be6000 	C:\WINDOWS\System32\shcore.dll
0x00007ffdcf890000 - 0x00007ffdcffd7000 	C:\WINDOWS\System32\windows.storage.dll
0x00007ffdd2ed0000 - 0x00007ffdd2f21000 	C:\WINDOWS\System32\shlwapi.dll
0x00007ffdcf7d0000 - 0x00007ffdcf7e1000 	C:\WINDOWS\System32\kernel.appcore.dll
0x00007ffdcf780000 - 0x00007ffdcf7cc000 	C:\WINDOWS\System32\powrprof.dll
0x00007ffdcf740000 - 0x00007ffdcf75b000 	C:\WINDOWS\System32\profapi.dll
0x00007ffdcc7a0000 - 0x00007ffdcc7ba000 	C:\Program Files\Android\Android Studio\jre\jre\bin\net.dll
0x00007ffdcef70000 - 0x00007ffdcefd6000 	C:\WINDOWS\system32\mswsock.dll
0x00007ffdbcfe0000 - 0x00007ffdbcff1000 	C:\Program Files\Android\Android Studio\jre\jre\bin\nio.dll
0x00007ffdbcee0000 - 0x00007ffdbcef2000 	C:\Users\julia.gorelikova\.gradle\native\19\windows-amd64\native-platform.dll
0x00007ffdced00000 - 0x00007ffdced39000 	C:\WINDOWS\SYSTEM32\IPHLPAPI.DLL
0x00007ffdd09b0000 - 0x00007ffdd09b8000 	C:\WINDOWS\System32\NSI.dll
0x00007ffdc9d70000 - 0x00007ffdc9d86000 	C:\WINDOWS\SYSTEM32\dhcpcsvc6.DLL
0x00007ffdc9770000 - 0x00007ffdc978a000 	C:\WINDOWS\SYSTEM32\dhcpcsvc.DLL
0x00007ffdcf130000 - 0x00007ffdcf147000 	C:\WINDOWS\SYSTEM32\CRYPTSP.dll
0x00007ffdceb80000 - 0x00007ffdcebb3000 	C:\WINDOWS\system32\rsaenh.dll
0x00007ffdcf240000 - 0x00007ffdcf265000 	C:\WINDOWS\SYSTEM32\bcrypt.dll
0x00007ffdcf670000 - 0x00007ffdcf699000 	C:\WINDOWS\SYSTEM32\USERENV.dll
0x00007ffdcf150000 - 0x00007ffdcf15b000 	C:\WINDOWS\SYSTEM32\CRYPTBASE.dll
0x00007ffdcc7f0000 - 0x00007ffdcc7fd000 	C:\Program Files\Android\Android Studio\jre\jre\bin\management.dll
0x00007ffdcdc30000 - 0x00007ffdcdcb8000 	C:\WINDOWS\system32\apphelp.dll

VM Arguments:
jvm_args: -XX:MaxPermSize=256m -XX:+HeapDumpOnOutOfMemoryError -Xmx1024m -Dfile.encoding=windows-1251 -Duser.country=RU -Duser.language=ru -Duser.variant 
java_command: org.gradle.launcher.daemon.bootstrap.GradleDaemon 2.10
java_class_path (initial): C:\Users\julia.gorelikova\.gradle\wrapper\dists\gradle-2.10-all\a4w5fzrkeut1ox71xslb49gst\gradle-2.10\lib\gradle-launcher-2.10.jar
Launcher Type: SUN_STANDARD

Environment Variables:
JAVA_HOME=C:\Program Files\Java\jdk1.8.0_144\
CLASSPATH=C:\Program Files (x86)\IBM\WebSphere MQ\Java\lib\com.ibm.mqjms.jar;C:\Program Files (x86)\IBM\WebSphere MQ\Java\lib\com.ibm.mq.jar
PATH=C:\Program Files (x86)\Common Files\Oracle\Java\javapath;C:\Program Files (x86)\IBM\WebSphere MQ\Java\lib;C:\Program Files (x86)\IBM\WebSphere MQ\Java\lib64;C:\ProgramData\Oracle\Java\javapath;C:\WINDOWS\system32;C:\WINDOWS;C:\WINDOWS\System32\Wbem;C:\WINDOWS\System32\WindowsPowerShell\v1.0\;C:\Program Files\Java\jdk1.8.0_144\bin;C:\Program Files (x86)\IBM\WebSphere MQ\bin64;C:\Program Files (x86)\IBM\WebSphere MQ\bin;C:\Program Files (x86)\IBM\WebSphere MQ\tools\c\samples\bin;C:\Program Files\Git\cmd;C:\sqlite;C:\Users\julia.gorelikova\AppData\Local\Microsoft\WindowsApps;C:\Program Files\maven\\bin;;C:\Users\julia.gorelikova\AppData\Local\Programs\EmEditor
USERNAME=julia.gorelikova
OS=Windows_NT
PROCESSOR_IDENTIFIER=Intel64 Family 6 Model 60 Stepping 3, GenuineIntel



---------------  S Y S T E M  ---------------

OS: Windows 10.0 , 64 bit Build 16299 (10.0.16299.15)

CPU:total 4 (initial active 4) (2 cores per cpu, 2 threads per core) family 6 model 60 stepping 3, cmov, cx8, fxsr, mmx, sse, sse2, sse3, ssse3, sse4.1, sse4.2, popcnt, avx, avx2, aes, clmul, erms, lzcnt, ht, tsc, tscinvbit, bmi1, bmi2

Memory: 4k page, physical 8263700k(1175312k free), swap 11114516k(4172k free)

vm_info: OpenJDK 64-Bit Server VM (25.152-b02) for windows-amd64 JRE (1.8.0_152-release-1024-b02), built by "builder" with MS VC++ 10.0 (VS2010)

time: Fri Aug 24 13:08:55 2018
elapsed time: 41 seconds (0d 0h 0m 41s)

